<?xml version="1.0" encoding="UTF-8"?>
<robot generator="Robot 3.1.1 (Python 3.6.0 on win32)" generated="20190730 16:37:25.784" rpa="false">
<suite id="s1" name="amazonTCs" source="C:\Users\Srikanth\AutomationProjects\07-22-2019\Automation_TSI\Selenium\Testcases\amazonTCs.txt">
<kw name="Create a Directory for Videos" library="seleniumTSKeywords" type="setup">
<doc>Creates a directory for videos</doc>
<kw name="Get Time" library="BuiltIn">
<doc>Returns the given time in the requested format.</doc>
<assign>
<var>${time}</var>
</assign>
<msg timestamp="20190730 16:37:26.267" level="INFO">${time} = 2019-07-30 16:37:26</msg>
<status status="PASS" starttime="20190730 16:37:26.267" endtime="20190730 16:37:26.267"></status>
</kw>
<kw name="Replace String" library="String">
<doc>Replaces ``search_for`` in the given ``string`` with ``replace_with``.</doc>
<arguments>
<arg>${time}</arg>
<arg>:</arg>
<arg>_</arg>
</arguments>
<assign>
<var>${time}</var>
</assign>
<msg timestamp="20190730 16:37:26.267" level="INFO">${time} = 2019-07-30 16_37_26</msg>
<status status="PASS" starttime="20190730 16:37:26.267" endtime="20190730 16:37:26.268"></status>
</kw>
<kw name="Catenate" library="BuiltIn">
<doc>Catenates the given items together and returns the resulted string.</doc>
<arguments>
<arg>SEPARATOR=</arg>
<arg>../Videos/Videos_</arg>
<arg>${time}</arg>
</arguments>
<assign>
<var>${videosPath}</var>
</assign>
<msg timestamp="20190730 16:37:26.268" level="INFO">${videosPath} = ../Videos/Videos_2019-07-30 16_37_26</msg>
<status status="PASS" starttime="20190730 16:37:26.268" endtime="20190730 16:37:26.268"></status>
</kw>
<kw name="Set Global Variable" library="BuiltIn">
<doc>Makes a variable available globally in all tests and suites.</doc>
<arguments>
<arg>${videosPath}</arg>
</arguments>
<msg timestamp="20190730 16:37:26.268" level="INFO">${videosPath} = ../Videos/Videos_2019-07-30 16_37_26</msg>
<status status="PASS" starttime="20190730 16:37:26.268" endtime="20190730 16:37:26.268"></status>
</kw>
<kw name="Create Directory" library="OperatingSystem">
<doc>Creates the specified directory.</doc>
<arguments>
<arg>${videosPath}</arg>
</arguments>
<msg timestamp="20190730 16:37:26.269" level="INFO" html="yes">Created directory '&lt;a href="file://C:\Users\Srikanth\AutomationProjects\07-22-2019\Automation_TSI\Selenium\Videos\Videos_2019-07-30 16_37_26"&gt;C:\Users\Srikanth\AutomationProjects\07-22-2019\Automation_TSI\Selenium\Videos\Videos_2019-07-30 16_37_26&lt;/a&gt;'.</msg>
<status status="PASS" starttime="20190730 16:37:26.268" endtime="20190730 16:37:26.269"></status>
</kw>
<status status="PASS" starttime="20190730 16:37:26.267" endtime="20190730 16:37:26.269"></status>
</kw>
<test id="s1-t1" name="00_SignIn_Amazon">
<kw name="Run Keywords" library="BuiltIn" type="setup">
<doc>Executes all the given keywords in a sequence.</doc>
<arguments>
<arg>Record Video</arg>
<arg>Launch Amazon Browser Application</arg>
</arguments>
<kw name="Record Video" library="seleniumTSKeywords">
<doc>Records video for suite</doc>
<kw name="Log" library="BuiltIn">
<doc>Logs the given message with the given level.</doc>
<arguments>
<arg>${videosPath}/${TEST NAME}</arg>
</arguments>
<msg timestamp="20190730 16:37:26.271" level="INFO">../Videos/Videos_2019-07-30 16_37_26/00_SignIn_Amazon</msg>
<status status="PASS" starttime="20190730 16:37:26.270" endtime="20190730 16:37:26.271"></status>
</kw>
<kw name="Start Video Recording" library="ScreenCapLibrary">
<doc>Starts the recording of a video in the background with the specified ``name``.
The recording can be stopped by calling the `Stop Video Recording` keyword.</doc>
<arguments>
<arg>name=${videosPath}/${TEST NAME}</arg>
</arguments>
<status status="PASS" starttime="20190730 16:37:26.271" endtime="20190730 16:37:26.273"></status>
</kw>
<status status="PASS" starttime="20190730 16:37:26.270" endtime="20190730 16:37:26.273"></status>
</kw>
<kw name="Launch Amazon Browser Application" library="amazonKeywords">
<kw name="Launch Browser Application" library="seleniumTSKeywords">
<doc>Launch and Navigate the base url</doc>
<arguments>
<arg>${amazonUrl}</arg>
<arg>${browser}</arg>
</arguments>
<kw name="Open Browser" library="Selenium2Library">
<doc>Opens a new browser instance to the given ``url``.</doc>
<arguments>
<arg>${url}</arg>
<arg>${browser}</arg>
</arguments>
<msg timestamp="20190730 16:37:26.275" level="INFO">Opening browser 'chrome' to base url 'https://www.amazon.in/'.</msg>
<status status="PASS" starttime="20190730 16:37:26.274" endtime="20190730 16:37:31.072"></status>
</kw>
<kw name="Maximize Browser Window" library="Selenium2Library">
<doc>Maximizes current browser window.</doc>
<status status="PASS" starttime="20190730 16:37:31.072" endtime="20190730 16:37:32.210"></status>
</kw>
<timeout value="1 minute"></timeout>
<status status="PASS" starttime="20190730 16:37:26.274" endtime="20190730 16:37:32.211"></status>
</kw>
<status status="PASS" starttime="20190730 16:37:26.273" endtime="20190730 16:37:32.211"></status>
</kw>
<status status="PASS" starttime="20190730 16:37:26.270" endtime="20190730 16:37:32.211"></status>
</kw>
<kw name="Sign Into Amazon" library="amazonKeywords">
<doc>Sign into amazon site</doc>
<kw name="Click on a Link" library="seleniumTSKeywords">
<doc>Click on a Specified link</doc>
<arguments>
<arg>${signInLoc}</arg>
</arguments>
<kw name="Click Link" library="Selenium2Library">
<doc>Clicks a link identified by ``locator``.</doc>
<arguments>
<arg>${elemLoc}</arg>
</arguments>
<msg timestamp="20190730 16:37:32.213" level="INFO">Clicking link 'id=a-autoid-0-announce'.</msg>
<status status="PASS" starttime="20190730 16:37:32.212" endtime="20190730 16:37:32.936"></status>
</kw>
<status status="PASS" starttime="20190730 16:37:32.212" endtime="20190730 16:37:32.937"></status>
</kw>
<kw name="Wait Until an Element Is Visible" library="seleniumTSKeywords">
<doc>Checks whether element is visible or not</doc>
<arguments>
<arg>${emailLoc}</arg>
</arguments>
<kw name="Wait Until Element Is Visible" library="Selenium2Library">
<doc>Waits until element ``locator`` is visible.</doc>
<arguments>
<arg>${elemLoc}</arg>
<arg>timeout=10s</arg>
</arguments>
<status status="PASS" starttime="20190730 16:37:32.938" endtime="20190730 16:37:32.977"></status>
</kw>
<status status="PASS" starttime="20190730 16:37:32.937" endtime="20190730 16:37:32.978"></status>
</kw>
<kw name="Input Browser Text" library="seleniumTSKeywords">
<doc>Input text into element</doc>
<arguments>
<arg>${emailLoc}</arg>
<arg>${phoneNo}</arg>
</arguments>
<kw name="Clear Element Text" library="Selenium2Library">
<doc>Clears the value of text entry element identified by ``locator``.</doc>
<arguments>
<arg>${elemLoc}</arg>
</arguments>
<status status="PASS" starttime="20190730 16:37:32.978" endtime="20190730 16:37:33.009"></status>
</kw>
<kw name="Input Text" library="Selenium2Library">
<doc>Types the given ``text`` into text field identified by ``locator``.</doc>
<arguments>
<arg>${elemLoc}</arg>
<arg>${inputText}</arg>
</arguments>
<msg timestamp="20190730 16:37:33.010" level="INFO">Typing text '7989868925' into text field 'id=ap_email'.</msg>
<status status="PASS" starttime="20190730 16:37:33.010" endtime="20190730 16:37:33.098"></status>
</kw>
<status status="PASS" starttime="20190730 16:37:32.978" endtime="20190730 16:37:33.098"></status>
</kw>
<kw name="Run Keyword If" library="BuiltIn">
<doc>Runs the given keyword with the given arguments, if ``condition`` is true.</doc>
<arguments>
<arg>'${LANGUAGE}'=='EN'</arg>
<arg>Click Browser Button</arg>
<arg>${continueLoc}</arg>
</arguments>
<kw name="Click Browser Button" library="seleniumTSKeywords">
<doc>Clicks a button</doc>
<arguments>
<arg>${continueLoc}</arg>
</arguments>
<kw name="Click Button" library="Selenium2Library">
<doc>Clicks button identified by ``locator``.</doc>
<arguments>
<arg>${elemLoc}</arg>
</arguments>
<msg timestamp="20190730 16:37:33.099" level="INFO">Clicking button 'id=continue'.</msg>
<status status="PASS" starttime="20190730 16:37:33.099" endtime="20190730 16:37:34.155"></status>
</kw>
<status status="PASS" starttime="20190730 16:37:33.099" endtime="20190730 16:37:34.156"></status>
</kw>
<status status="PASS" starttime="20190730 16:37:33.098" endtime="20190730 16:37:34.156"></status>
</kw>
<kw name="Input Browser Password" library="seleniumTSKeywords">
<doc>Input Password into element</doc>
<arguments>
<arg>${pwdLoc}</arg>
<arg>${password}</arg>
</arguments>
<kw name="Clear Element Text" library="Selenium2Library">
<doc>Clears the value of text entry element identified by ``locator``.</doc>
<arguments>
<arg>${elemLoc}</arg>
</arguments>
<status status="PASS" starttime="20190730 16:37:34.157" endtime="20190730 16:37:34.202"></status>
</kw>
<kw name="Input Password" library="Selenium2Library">
<doc>Types the given password into text field identified by ``locator``.</doc>
<arguments>
<arg>${elemLoc}</arg>
<arg>${inputText}</arg>
</arguments>
<msg timestamp="20190730 16:37:34.203" level="INFO">Typing password into text field 'id=ap_password'.</msg>
<status status="PASS" starttime="20190730 16:37:34.202" endtime="20190730 16:37:34.277"></status>
</kw>
<status status="PASS" starttime="20190730 16:37:34.156" endtime="20190730 16:37:34.277"></status>
</kw>
<kw name="Click Browser Button" library="seleniumTSKeywords">
<doc>Clicks a button</doc>
<arguments>
<arg>${loginBtnLoc}</arg>
</arguments>
<kw name="Click Button" library="Selenium2Library">
<doc>Clicks button identified by ``locator``.</doc>
<arguments>
<arg>${elemLoc}</arg>
</arguments>
<msg timestamp="20190730 16:37:34.278" level="INFO">Clicking button 'id=signInSubmit'.</msg>
<status status="PASS" starttime="20190730 16:37:34.278" endtime="20190730 16:37:35.943"></status>
</kw>
<status status="PASS" starttime="20190730 16:37:34.278" endtime="20190730 16:37:35.943"></status>
</kw>
<kw name="Run Keyword And Return Status" library="BuiltIn">
<doc>Runs the given keyword with given arguments and returns the status as a Boolean value.</doc>
<arguments>
<arg>Element Should Be Visible</arg>
<arg>${loginBtnLoc}</arg>
</arguments>
<assign>
<var>${present}</var>
</assign>
<kw name="Element Should Be Visible" library="Selenium2Library">
<doc>Verifies that the element identified by ``locator`` is visible.</doc>
<arguments>
<arg>${loginBtnLoc}</arg>
</arguments>
<kw name="Capture Page Screenshot" library="Selenium2Library">
<doc>Takes screenshot of the current page and embeds it into log file.</doc>
<msg timestamp="20190730 16:37:40.098" level="INFO" html="yes">&lt;/td&gt;&lt;/tr&gt;&lt;tr&gt;&lt;td colspan="3"&gt;&lt;a href="selenium-screenshot-14.png"&gt;&lt;img src="selenium-screenshot-14.png" width="800px"&gt;&lt;/a&gt;</msg>
<status status="PASS" starttime="20190730 16:37:39.806" endtime="20190730 16:37:40.098"></status>
</kw>
<msg timestamp="20190730 16:37:40.100" level="FAIL">Element with locator 'id=signInSubmit' not found.</msg>
<status status="FAIL" starttime="20190730 16:37:35.944" endtime="20190730 16:37:40.100"></status>
</kw>
<msg timestamp="20190730 16:37:40.100" level="INFO">${present} = False</msg>
<status status="PASS" starttime="20190730 16:37:35.944" endtime="20190730 16:37:40.100"></status>
</kw>
<kw name="Run Keyword If" library="BuiltIn">
<doc>Runs the given keyword with the given arguments, if ``condition`` is true.</doc>
<arguments>
<arg>${present} == True</arg>
<arg>Run Keywords</arg>
<arg>Input Browser Password</arg>
<arg>${pwdLoc}</arg>
<arg>${password}</arg>
<arg>AND</arg>
<arg>Sleep</arg>
<arg>30s</arg>
<arg>AND</arg>
<arg>Click Browser Button</arg>
<arg>${loginBtnLoc}</arg>
</arguments>
<status status="PASS" starttime="20190730 16:37:40.100" endtime="20190730 16:37:40.100"></status>
</kw>
<status status="PASS" starttime="20190730 16:37:32.211" endtime="20190730 16:37:40.101"></status>
</kw>
<kw name="Run Keywords" library="BuiltIn" type="teardown">
<doc>Executes all the given keywords in a sequence.</doc>
<arguments>
<arg>Close Browser Application</arg>
<arg>Stop Video Recording</arg>
</arguments>
<kw name="Close Browser Application" library="seleniumTSKeywords">
<doc>Closes the current browser application</doc>
<kw name="Close Browser" library="Selenium2Library">
<doc>Closes the current browser.</doc>
<status status="PASS" starttime="20190730 16:37:40.102" endtime="20190730 16:37:42.235"></status>
</kw>
<status status="PASS" starttime="20190730 16:37:40.101" endtime="20190730 16:37:42.235"></status>
</kw>
<kw name="Stop Video Recording" library="ScreenCapLibrary">
<doc>Stops the video recording and generates the file in WebM format. If ``embed`` argument
was set to ``True`` the video will be displayed in the log file.</doc>
<msg timestamp="20190730 16:37:42.238" level="INFO" html="yes">&lt;a href="../Videos/Videos_2019-07-30%2016_37_26/00_SignIn_Amazon_1.webm"&gt;&lt;video width="800px" autoplay&gt;&lt;source src="../Videos/Videos_2019-07-30%2016_37_26/00_SignIn_Amazon_1.webm" type="video/webm"&gt;&lt;/video&gt;&lt;/a&gt;</msg>
<status status="PASS" starttime="20190730 16:37:42.236" endtime="20190730 16:37:42.239"></status>
</kw>
<status status="PASS" starttime="20190730 16:37:40.101" endtime="20190730 16:37:42.239"></status>
</kw>
<status status="PASS" starttime="20190730 16:37:26.269" endtime="20190730 16:37:42.239" critical="yes"></status>
</test>
<status status="PASS" starttime="20190730 16:37:25.786" endtime="20190730 16:37:42.243"></status>
</suite>
<statistics>
<total>
<stat pass="1" fail="0">Critical Tests</stat>
<stat pass="1" fail="0">All Tests</stat>
</total>
<tag>
</tag>
<suite>
<stat pass="1" fail="0" id="s1" name="amazonTCs">amazonTCs</stat>
</suite>
</statistics>
<errors>
<msg timestamp="20190730 16:37:25.780" level="WARN">Automatically parsing other than '*.robot' files is deprecated. Convert 'C:\Users\Srikanth\AutomationProjects\07-22-2019\Automation_TSI\Selenium\Testcases\amazonTCs.txt' to '*.robot' format or use '--extension' to explicitly configure which files to parse.</msg>
</errors>
</robot>
